c:\users\aihara\documents\github\box2d_minigolf\_debug\vc143.pdb
c:\users\aihara\documents\github\box2d_minigolf\_debug\vc143.idb
c:\users\aihara\documents\github\box2d_minigolf\_debug\b2contactmanager.obj
c:\users\aihara\documents\github\box2d_minigolf\_debug\b2body.obj
c:\users\aihara\documents\github\box2d_minigolf\_debug\b2timer.obj
c:\users\aihara\documents\github\box2d_minigolf\_debug\b2stackallocator.obj
c:\users\aihara\documents\github\box2d_minigolf\_debug\b2settings.obj
c:\users\aihara\documents\github\box2d_minigolf\_debug\b2math.obj
c:\users\aihara\documents\github\box2d_minigolf\_debug\b2draw.obj
c:\users\aihara\documents\github\box2d_minigolf\_debug\b2blockallocator.obj
c:\users\aihara\documents\github\box2d_minigolf\_debug\b2polygonshape.obj
c:\users\aihara\documents\github\box2d_minigolf\_debug\b2edgeshape.obj
c:\users\aihara\documents\github\box2d_minigolf\_debug\b2circleshape.obj
c:\users\aihara\documents\github\box2d_minigolf\_debug\b2chainshape.obj
c:\users\aihara\documents\github\box2d_minigolf\_debug\b2timeofimpact.obj
c:\users\aihara\documents\github\box2d_minigolf\_debug\b2dynamictree.obj
c:\users\aihara\documents\github\box2d_minigolf\_debug\b2distance.obj
c:\users\aihara\documents\github\box2d_minigolf\_debug\b2collision.obj
c:\users\aihara\documents\github\box2d_minigolf\_debug\b2collidepolygon.obj
c:\users\aihara\documents\github\box2d_minigolf\_debug\b2collideedge.obj
c:\users\aihara\documents\github\box2d_minigolf\_debug\b2collidecircle.obj
c:\users\aihara\documents\github\box2d_minigolf\_debug\b2broadphase.obj
c:\users\aihara\documents\github\box2d_minigolf\_debug\b2prismaticjoint.obj
c:\users\aihara\documents\github\box2d_minigolf\_debug\b2mousejoint.obj
c:\users\aihara\documents\github\box2d_minigolf\_debug\b2motorjoint.obj
c:\users\aihara\documents\github\box2d_minigolf\_debug\b2joint.obj
c:\users\aihara\documents\github\box2d_minigolf\_debug\b2gearjoint.obj
c:\users\aihara\documents\github\box2d_minigolf\_debug\b2frictionjoint.obj
c:\users\aihara\documents\github\box2d_minigolf\_debug\b2distancejoint.obj
c:\users\aihara\documents\github\box2d_minigolf\_debug\b2polygoncontact.obj
c:\users\aihara\documents\github\box2d_minigolf\_debug\b2polygonandcirclecontact.obj
c:\users\aihara\documents\github\box2d_minigolf\_debug\b2edgeandpolygoncontact.obj
c:\users\aihara\documents\github\box2d_minigolf\_debug\b2edgeandcirclecontact.obj
c:\users\aihara\documents\github\box2d_minigolf\_debug\b2contactsolver.obj
c:\users\aihara\documents\github\box2d_minigolf\_debug\b2contact.obj
c:\users\aihara\documents\github\box2d_minigolf\_debug\b2circlecontact.obj
c:\users\aihara\documents\github\box2d_minigolf\_debug\b2chainandpolygoncontact.obj
c:\users\aihara\documents\github\box2d_minigolf\_debug\b2chainandcirclecontact.obj
c:\users\aihara\documents\github\box2d_minigolf\_debug\b2worldcallbacks.obj
c:\users\aihara\documents\github\box2d_minigolf\_debug\b2world.obj
c:\users\aihara\documents\github\box2d_minigolf\_debug\b2island.obj
c:\users\aihara\documents\github\box2d_minigolf\_debug\b2fixture.obj
c:\users\aihara\documents\github\box2d_minigolf\_debug\window.obj
c:\users\aihara\documents\github\box2d_minigolf\_debug\misc.obj
c:\users\aihara\documents\github\box2d_minigolf\_debug\mgl.obj
c:\users\aihara\documents\github\box2d_minigolf\_debug\game.obj
c:\users\aihara\documents\github\box2d_minigolf\_debug\bpi.obj
c:\users\aihara\documents\github\box2d_minigolf\_debug\b2rope.obj
c:\users\aihara\documents\github\box2d_minigolf\_debug\b2wheeljoint.obj
c:\users\aihara\documents\github\box2d_minigolf\_debug\b2weldjoint.obj
c:\users\aihara\documents\github\box2d_minigolf\_debug\b2ropejoint.obj
c:\users\aihara\documents\github\box2d_minigolf\_debug\b2revolutejoint.obj
c:\users\aihara\documents\github\box2d_minigolf\_debug\b2pulleyjoint.obj
c:\users\aihara\documents\github\box2d_minigolf\_debug\minigolf.exe
c:\users\aihara\documents\github\box2d_minigolf\_debug\minigolf.pdb
c:\users\aihara\documents\github\box2d_minigolf\_debug\minigolf.ilk
c:\users\aihara\documents\github\box2d_minigolf\_debug\minigolf.tlog\cl.command.1.tlog
c:\users\aihara\documents\github\box2d_minigolf\_debug\minigolf.tlog\cl.items.tlog
c:\users\aihara\documents\github\box2d_minigolf\_debug\minigolf.tlog\cl.read.1.tlog
c:\users\aihara\documents\github\box2d_minigolf\_debug\minigolf.tlog\cl.write.1.tlog
c:\users\aihara\documents\github\box2d_minigolf\_debug\minigolf.tlog\link.command.1.tlog
c:\users\aihara\documents\github\box2d_minigolf\_debug\minigolf.tlog\link.read.1.tlog
c:\users\aihara\documents\github\box2d_minigolf\_debug\minigolf.tlog\link.secondary.1.tlog
c:\users\aihara\documents\github\box2d_minigolf\_debug\minigolf.tlog\link.write.1.tlog
