  b2BroadPhase.cpp
  b2CollideCircle.cpp
  b2CollideEdge.cpp
  b2CollidePolygon.cpp
  b2Collision.cpp
  b2Distance.cpp
  b2DynamicTree.cpp
  b2TimeOfImpact.cpp
  b2ChainShape.cpp
  b2CircleShape.cpp
  b2EdgeShape.cpp
  b2PolygonShape.cpp
  b2BlockAllocator.cpp
  b2Draw.cpp
  b2Math.cpp
  b2Settings.cpp
  b2StackAllocator.cpp
  b2Timer.cpp
  b2Body.cpp
  b2ContactManager.cpp
  Generating Code...
  Compiling...
  b2Fixture.cpp
  b2Island.cpp
  b2World.cpp
  b2WorldCallbacks.cpp
  b2ChainAndCircleContact.cpp
  b2ChainAndPolygonContact.cpp
  b2CircleContact.cpp
  b2Contact.cpp
  b2ContactSolver.cpp
  b2EdgeAndCircleContact.cpp
  b2EdgeAndPolygonContact.cpp
  b2PolygonAndCircleContact.cpp
  b2PolygonContact.cpp
  b2DistanceJoint.cpp
  b2FrictionJoint.cpp
  b2GearJoint.cpp
  b2Joint.cpp
  b2MotorJoint.cpp
  b2MouseJoint.cpp
  b2PrismaticJoint.cpp
  Generating Code...
  Compiling...
  b2PulleyJoint.cpp
  b2RevoluteJoint.cpp
  b2RopeJoint.cpp
  b2WeldJoint.cpp
  b2WheelJoint.cpp
  b2Rope.cpp
  bpi.cpp
  game.cpp
C:\Users\Aihara\Documents\GitHub\Box2D_minigolf\source\game.cpp(117,30): warning C4244: 'argument': conversion from 'float' to 'int', possible loss of data
C:\Users\Aihara\Documents\GitHub\Box2D_minigolf\source\game.cpp(117,20): warning C4244: 'argument': conversion from 'float' to 'int', possible loss of data
  mglodowski.cpp
  misc.cpp
C:\Users\Aihara\Documents\GitHub\Box2D_minigolf\source\misc.cpp(256,19): warning C4018: '<': signed/unsigned mismatch
  window.cpp
  Generating Code...
  PJATK_Box2D_vs2010.vcxproj -> C:\Users\Aihara\Documents\GitHub\Box2D_minigolf\_Debug\Minigolf.exe
  'pwsh.exe' is not recognized as an internal or external command,
  operable program or batch file.
